<?xml version="1.0" encoding="UTF-8" standalone="yes"?><!DOCTYPE report PUBLIC "-//JACOCO//DTD Report 1.1//EN" "report.dtd"><report name="WebAndCloud"><sessioninfo id="cs-496245332575-default-c3419bfb" start="1711039439595" dump="1711039440923"/><sessioninfo id="cs-496245332575-default-e0086106" start="1711039713733" dump="1711039714490"/><sessioninfo id="cs-496245332575-default-ef14d78" start="1711040452487" dump="1711040453172"/><sessioninfo id="cs-496245332575-default-beec5f28" start="1711041077937" dump="1711041078693"/><sessioninfo id="cs-496245332575-default-a5e69320" start="1711042824040" dump="1711042824693"/><sessioninfo id="cs-496245332575-default-8547abbe" start="1711102983323" dump="1711102984078"/><sessioninfo id="cs-496245332575-default-94fe1b6b" start="1711115462635" dump="1711115464130"/><sessioninfo id="cs-496245332575-default-2d3bb15d" start="1711115957755" dump="1711115958607"/><sessioninfo id="cs-496245332575-default-9f01a51f" start="1711115982981" dump="1711115983703"/><sessioninfo id="cs-496245332575-default-2fca1765" start="1711116059766" dump="1711116060505"/><sessioninfo id="cs-496245332575-default-a6d74870" start="1711116180633" dump="1711116181438"/><sessioninfo id="cs-496245332575-default-f442083f" start="1711116319151" dump="1711116320154"/><sessioninfo id="cs-496245332575-default-d887ca0e" start="1711116635904" dump="1711116636555"/><sessioninfo id="cs-496245332575-default-9ed56e36" start="1711117175799" dump="1711117176503"/><sessioninfo id="cs-496245332575-default-c355af71" start="1711117407504" dump="1711117408230"/><sessioninfo id="cs-496245332575-default-a159c1e3" start="1711117440679" dump="1711117441360"/><sessioninfo id="cs-496245332575-default-9c58c9b3" start="1711118787227" dump="1711118787948"/><sessioninfo id="cs-496245332575-default-45d3524b" start="1711118839564" dump="1711118840280"/><sessioninfo id="cs-496245332575-default-bc79d36d" start="1711119533071" dump="1711119533739"/><sessioninfo id="cs-496245332575-default-9d3305b1" start="1711120190974" dump="1711120191968"/><sessioninfo id="cs-496245332575-default-53722935" start="1711141574790" dump="1711141575560"/><sessioninfo id="cs-496245332575-default-4ad4a69e" start="1711141842963" dump="1711141843667"/><sessioninfo id="cs-496245332575-default-31a097ea" start="1711142461534" dump="1711142462231"/><sessioninfo id="cs-496245332575-default-b51bccb9" start="1711144884393" dump="1711144885118"/><sessioninfo id="cs-496245332575-default-f36675b5" start="1711206525120" dump="1711206526059"/><sessioninfo id="cs-496245332575-default-4c3eac92" start="1711207989338" dump="1711207990140"/><sessioninfo id="cs-496245332575-default-4ed94f7e" start="1711208377568" dump="1711208378214"/><sessioninfo id="cs-496245332575-default-2ac88a41" start="1711209462071" dump="1711209462818"/><sessioninfo id="cs-496245332575-default-2b41fae1" start="1711226143004" dump="1711226144021"/><sessioninfo id="cs-496245332575-default-85d05dab" start="1711226662004" dump="1711226662814"/><sessioninfo id="cs-496245332575-default-92b84f42" start="1711227320577" dump="1711227321290"/><sessioninfo id="cs-496245332575-default-80029678" start="1711228478776" dump="1711228479414"/><sessioninfo id="cs-496245332575-default-6e03a901" start="1711228685770" dump="1711228686462"/><sessioninfo id="cs-496245332575-default-290325fd" start="1711228839541" dump="1711228840208"/><sessioninfo id="cs-496245332575-default-badd6617" start="1711229201947" dump="1711229202619"/><sessioninfo id="cs-496245332575-default-a20bf2c6" start="1711230988580" dump="1711230989405"/><sessioninfo id="cs-496245332575-default-90e7b80b" start="1711231199598" dump="1711231200482"/><sessioninfo id="cs-496245332575-default-3d407da5" start="1711231395723" dump="1711231396385"/><sessioninfo id="cs-496245332575-default-f32c89a1" start="1711231588136" dump="1711231588804"/><sessioninfo id="cs-496245332575-default-cc37ac42" start="1711292520792" dump="1711292522299"/><sessioninfo id="cs-496245332575-default-d5beb3e9" start="1711293296985" dump="1711293297673"/><sessioninfo id="cs-496245332575-default-a8be05fe" start="1711294040158" dump="1711294040897"/><sessioninfo id="cs-496245332575-default-5495ae43" start="1711294684487" dump="1711294685189"/><sessioninfo id="cs-496245332575-default-cf118f52" start="1711295480094" dump="1711295480715"/><sessioninfo id="cs-496245332575-default-7d5bf5c9" start="1711295712184" dump="1711295712973"/><sessioninfo id="cs-496245332575-default-6718adc0" start="1711298360380" dump="1711298361021"/><sessioninfo id="cs-496245332575-default-f03efd43" start="1711298881983" dump="1711298882769"/><sessioninfo id="cs-496245332575-default-7de4c45b" start="1711299151291" dump="1711299152017"/><sessioninfo id="cs-496245332575-default-aa3f4d93" start="1711299485416" dump="1711299486090"/><sessioninfo id="cs-496245332575-default-cf8b4119" start="1711299699397" dump="1711299700127"/><sessioninfo id="cs-496245332575-default-abf7e9e5" start="1711299886374" dump="1711299887029"/><sessioninfo id="cs-496245332575-default-a6e3fb3f" start="1711300335395" dump="1711300336163"/><sessioninfo id="cs-496245332575-default-db137a47" start="1711301037824" dump="1711301038448"/><sessioninfo id="cs-496245332575-default-7360031d" start="1711301530196" dump="1711301530875"/><sessioninfo id="cs-496245332575-default-d9dc7eef" start="1711309830983" dump="1711309832234"/><sessioninfo id="cs-496245332575-default-16b1d0b8" start="1711309889217" dump="1711309890027"/><sessioninfo id="cs-496245332575-default-ef240a1b" start="1711310252810" dump="1711310253531"/><sessioninfo id="cs-496245332575-default-14df7380" start="1711354879715" dump="1711354880470"/><sessioninfo id="cs-496245332575-default-60ccb083" start="1711354901641" dump="1711354902338"/><sessioninfo id="cs-496245332575-default-77e1ef8" start="1711355089290" dump="1711355089954"/><sessioninfo id="cs-496245332575-default-f9d6184c" start="1711356311413" dump="1711356312131"/><sessioninfo id="cs-496245332575-default-b66fc86f" start="1711356672717" dump="1711356673715"/><sessioninfo id="cs-496245332575-default-9144b5be" start="1711358202352" dump="1711358202995"/><sessioninfo id="cs-496245332575-default-34551db8" start="1711358433990" dump="1711358434744"/><sessioninfo id="cs-496245332575-default-9cce3898" start="1711358976957" dump="1711358977589"/><sessioninfo id="cs-496245332575-default-f0f3f2ad" start="1711366030003" dump="1711366030806"/><sessioninfo id="cs-496245332575-default-b3a9b001" start="1711366175110" dump="1711366175730"/><sessioninfo id="cs-496245332575-default-e0f2ad53" start="1711366319624" dump="1711366320394"/><sessioninfo id="cs-496245332575-default-5fe8aa29" start="1711366603745" dump="1711366604455"/><sessioninfo id="cs-496245332575-default-e0e63501" start="1711366662429" dump="1711366663041"/><sessioninfo id="cs-496245332575-default-1f04ff46" start="1711366989268" dump="1711366989885"/><sessioninfo id="cs-496245332575-default-94708f07" start="1711367414243" dump="1711367414918"/><sessioninfo id="cs-496245332575-default-d1be1727" start="1711368318559" dump="1711368319344"/><sessioninfo id="cs-496245332575-default-8a3fa682" start="1711369000661" dump="1711369001311"/><sessioninfo id="cs-496245332575-default-a9e102ee" start="1711369198967" dump="1711369199647"/><sessioninfo id="cs-496245332575-default-dde6fe1e" start="1711369439773" dump="1711369440399"/><sessioninfo id="cs-496245332575-default-cffff331" start="1711369691595" dump="1711369692240"/><sessioninfo id="cs-496245332575-default-8ca8bab9" start="1711370105409" dump="1711370106022"/><sessioninfo id="cs-496245332575-default-4b74bb82" start="1711370481741" dump="1711370482444"/><sessioninfo id="cs-496245332575-default-7002a726" start="1711372053249" dump="1711372053936"/><sessioninfo id="cs-496245332575-default-f0fba975" start="1711372597697" dump="1711372598318"/><sessioninfo id="cs-496245332575-default-7e5f4a54" start="1711396791816" dump="1711396792611"/><sessioninfo id="cs-496245332575-default-420d10e5" start="1711449368184" dump="1711449369414"/><sessioninfo id="cs-496245332575-default-ab6ad772" start="1711454121643" dump="1711454122378"/><sessioninfo id="cs-496245332575-default-394fa475" start="1711455095123" dump="1711455095803"/><sessioninfo id="cs-496245332575-default-8677274d" start="1711455146915" dump="1711455147592"/><sessioninfo id="cs-496245332575-default-cf9ad0ae" start="1711466184388" dump="1711466185169"/><sessioninfo id="cs-496245332575-default-33c2cf7" start="1711896549247" dump="1711896549975"/><sessioninfo id="cs-496245332575-default-a0641ebe" start="1711900067277" dump="1711900068042"/><sessioninfo id="cs-496245332575-default-7067b2c3" start="1711900886810" dump="1711900887482"/><sessioninfo id="cs-496245332575-default-af9a04a6" start="1711901288210" dump="1711901288901"/><sessioninfo id="cs-496245332575-default-768615cf" start="1711901720338" dump="1711901721264"/><sessioninfo id="cs-496245332575-default-bf4674d6" start="1711902986923" dump="1711902987664"/><sessioninfo id="cs-496245332575-default-57ea052b" start="1711903758650" dump="1711903759465"/><sessioninfo id="cs-496245332575-default-71147724" start="1711904008946" dump="1711904009708"/><sessioninfo id="cs-496245332575-default-8caaf53c" start="1711910264341" dump="1711910265048"/><sessioninfo id="cs-496245332575-default-7fd04590" start="1711910411827" dump="1711910412506"/><sessioninfo id="cs-496245332575-default-f9853cca" start="1711910501353" dump="1711910501959"/><sessioninfo id="cs-496245332575-default-9c660c0a" start="1711911466069" dump="1711911466701"/><sessioninfo id="cs-496245332575-default-d1e42d9e" start="1711912028461" dump="1711912029055"/><sessioninfo id="cs-496245332575-default-36e399c6" start="1711912321122" dump="1711912321777"/><sessioninfo id="cs-496245332575-default-c0657a14" start="1711921027219" dump="1711921027929"/><sessioninfo id="cs-496245332575-default-fa241730" start="1711922255583" dump="1711922256241"/><sessioninfo id="cs-496245332575-default-d42332cf" start="1711922378079" dump="1711922378670"/><sessioninfo id="cs-496245332575-default-42bcb7c7" start="1711973191231" dump="1711973192087"/><sessioninfo id="cs-496245332575-default-4e5d991d" start="1711978084902" dump="1711978085634"/><sessioninfo id="cs-496245332575-default-58c2006a" start="1711981504906" dump="1711981505622"/><sessioninfo id="cs-496245332575-default-eb0fcad1" start="1711982711869" dump="1711982712548"/><sessioninfo id="cs-496245332575-default-5edbed23" start="1711987033846" dump="1711987034846"/><sessioninfo id="cs-496245332575-default-a355c0c0" start="1711987866630" dump="1711987867615"/><sessioninfo id="cs-496245332575-default-9ed4ace3" start="1711988267377" dump="1711988268069"/><sessioninfo id="cs-496245332575-default-b64d97b4" start="1711988474413" dump="1711988475131"/><sessioninfo id="cs-496245332575-default-871d5d96" start="1711989109630" dump="1711989110592"/><sessioninfo id="cs-496245332575-default-cd60c445" start="1711990785195" dump="1711990785901"/><sessioninfo id="cs-496245332575-default-8102a1b7" start="1712056124194" dump="1712056125439"/><sessioninfo id="cs-496245332575-default-d9846c6e" start="1712056283808" dump="1712056284442"/><sessioninfo id="cs-496245332575-default-9943a0c7" start="1712056980521" dump="1712056981219"/><sessioninfo id="cs-496245332575-default-3970b3ca" start="1712066542165" dump="1712066544063"/><sessioninfo id="cs-496245332575-default-6a001664" start="1712067491269" dump="1712067492040"/><sessioninfo id="cs-496245332575-default-1f921494" start="1712068820355" dump="1712068820984"/><sessioninfo id="cs-496245332575-default-de331517" start="1712069306473" dump="1712069307081"/><sessioninfo id="cs-496245332575-default-a34dd5fd" start="1712070370037" dump="1712070370820"/><sessioninfo id="cs-496245332575-default-2b08bfb9" start="1712070856755" dump="1712070857558"/><sessioninfo id="cs-496245332575-default-697f3dca" start="1712071121773" dump="1712071122412"/><sessioninfo id="cs-496245332575-default-f15101cd" start="1712071566690" dump="1712071567411"/><sessioninfo id="cs-496245332575-default-6c165820" start="1712072056906" dump="1712072057548"/><sessioninfo id="cs-496245332575-default-783ad9ea" start="1712072491671" dump="1712072492356"/><sessioninfo id="cs-496245332575-default-ec8ecf5f" start="1712072744144" dump="1712072744842"/><sessioninfo id="cs-496245332575-default-c2e285a6" start="1712073015364" dump="1712073016083"/><sessioninfo id="cs-496245332575-default-4b115d9b" start="1712073208135" dump="1712073208818"/><sessioninfo id="cs-496245332575-default-1468230a" start="1712073386079" dump="1712073386722"/><sessioninfo id="cs-496245332575-default-782bd0f3" start="1712073956979" dump="1712073957639"/><sessioninfo id="cs-496245332575-default-ca7db644" start="1712074188127" dump="1712074188785"/><sessioninfo id="cs-496245332575-default-9001cdf7" start="1712089388637" dump="1712089389412"/><sessioninfo id="cs-496245332575-default-6cb5f1f2" start="1712089826395" dump="1712089826966"/><sessioninfo id="cs-496245332575-default-581c1921" start="1712090349310" dump="1712090349999"/><sessioninfo id="cs-496245332575-default-14de1b38" start="1712090731107" dump="1712090731757"/><sessioninfo id="cs-496245332575-default-f6cda300" start="1712090918986" dump="1712090919633"/><sessioninfo id="cs-496245332575-default-a43d3fc2" start="1712091925807" dump="1712091926445"/><sessioninfo id="cs-496245332575-default-8f3a3a04" start="1712092075141" dump="1712092075833"/><sessioninfo id="cs-496245332575-default-6de91459" start="1712092216642" dump="1712092217444"/><sessioninfo id="cs-496245332575-default-c6c49502" start="1712224127965" dump="1712224129222"/><sessioninfo id="cs-496245332575-default-9374c570" start="1712226832832" dump="1712226833523"/><package name="foo"><class name="foo/PetitionEndpoint" sourcefilename="PetitionEndpoint.java"><method name="&lt;init&gt;" desc="()V" line="45"><counter type="INSTRUCTION" missed="3" covered="0"/><counter type="LINE" missed="1" covered="0"/><counter type="COMPLEXITY" missed="1" covered="0"/><counter type="METHOD" missed="1" covered="0"/></method><method name="getTop100" desc="()Ljava/util/List;" line="49"><counter type="INSTRUCTION" missed="23" covered="0"/><counter type="LINE" missed="6" covered="0"/><counter type="COMPLEXITY" missed="1" covered="0"/><counter type="METHOD" missed="1" covered="0"/></method><method name="getTop10Recent" desc="(Ljava/lang/String;)Ljava/util/List;" line="73"><counter type="INSTRUCTION" missed="38" covered="0"/><counter type="BRANCH" missed="2" covered="0"/><counter type="LINE" missed="8" covered="0"/><counter type="COMPLEXITY" missed="2" covered="0"/><counter type="METHOD" missed="1" covered="0"/></method><method name="getTop1OSigned" desc="(Ljava/lang/String;)Ljava/util/List;" line="100"><counter type="INSTRUCTION" missed="48" covered="0"/><counter type="BRANCH" missed="2" covered="0"/><counter type="LINE" missed="11" covered="0"/><counter type="COMPLEXITY" missed="2" covered="0"/><counter type="METHOD" missed="1" covered="0"/></method><method name="addObjectifSignataire" desc="(Ljava/lang/String;I)Lcom/google/appengine/api/datastore/Entity;" line="138"><counter type="INSTRUCTION" missed="24" covered="0"/><counter type="LINE" missed="6" covered="0"/><counter type="COMPLEXITY" missed="1" covered="0"/><counter type="METHOD" missed="1" covered="0"/></method><method name="infoPetition" desc="(Ljava/lang/String;)Lcom/google/appengine/api/datastore/Entity;" line="150"><counter type="INSTRUCTION" missed="15" covered="0"/><counter type="LINE" missed="4" covered="0"/><counter type="COMPLEXITY" missed="1" covered="0"/><counter type="METHOD" missed="1" covered="0"/></method><method name="addPetition" desc="(Lfoo/PetitionItem;)Lcom/google/appengine/api/datastore/Entity;" line="159"><counter type="INSTRUCTION" missed="147" covered="0"/><counter type="BRANCH" missed="8" covered="0"/><counter type="LINE" missed="32" covered="0"/><counter type="COMPLEXITY" missed="5" covered="0"/><counter type="METHOD" missed="1" covered="0"/></method><method name="updatePetition" desc="(Lfoo/PetitionItem;)Lcom/google/appengine/api/datastore/Entity;" line="214"><counter type="INSTRUCTION" missed="125" covered="0"/><counter type="BRANCH" missed="8" covered="0"/><counter type="LINE" missed="30" covered="0"/><counter type="COMPLEXITY" missed="5" covered="0"/><counter type="METHOD" missed="1" covered="0"/></method><method name="deletePetition" desc="(Ljava/lang/String;)Lcom/google/appengine/api/datastore/Entity;" line="263"><counter type="INSTRUCTION" missed="89" covered="0"/><counter type="BRANCH" missed="4" covered="0"/><counter type="LINE" missed="18" covered="0"/><counter type="COMPLEXITY" missed="3" covered="0"/><counter type="METHOD" missed="1" covered="0"/></method><method name="addSignataire" desc="(Ljava/lang/String;Ljava/lang/String;)Lcom/google/appengine/api/datastore/Entity;" line="291"><counter type="INSTRUCTION" missed="130" covered="0"/><counter type="BRANCH" missed="2" covered="0"/><counter type="LINE" missed="25" covered="0"/><counter type="COMPLEXITY" missed="2" covered="0"/><counter type="METHOD" missed="1" covered="0"/></method><method name="verifieSignature" desc="(Ljava/lang/String;Ljava/lang/String;)Lcom/google/appengine/api/datastore/Entity;" line="327"><counter type="INSTRUCTION" missed="76" covered="0"/><counter type="BRANCH" missed="2" covered="0"/><counter type="LINE" missed="14" covered="0"/><counter type="COMPLEXITY" missed="2" covered="0"/><counter type="METHOD" missed="1" covered="0"/></method><method name="deleteSignataire" desc="(Ljava/lang/String;Ljava/lang/String;)Lcom/google/appengine/api/datastore/Entity;" line="350"><counter type="INSTRUCTION" missed="121" covered="0"/><counter type="BRANCH" missed="4" covered="0"/><counter type="LINE" missed="23" covered="0"/><counter type="COMPLEXITY" missed="3" covered="0"/><counter type="METHOD" missed="1" covered="0"/></method><method name="myPetitionCreated" desc="(Ljava/lang/String;Ljava/lang/String;)Ljava/util/List;" line="385"><counter type="INSTRUCTION" missed="63" covered="0"/><counter type="BRANCH" missed="2" covered="0"/><counter type="LINE" missed="9" covered="0"/><counter type="COMPLEXITY" missed="2" covered="0"/><counter type="METHOD" missed="1" covered="0"/></method><method name="myPetitionSigned" desc="(Ljava/lang/String;Ljava/lang/String;)Ljava/util/List;" line="412"><counter type="INSTRUCTION" missed="174" covered="0"/><counter type="BRANCH" missed="10" covered="0"/><counter type="LINE" missed="30" covered="0"/><counter type="COMPLEXITY" missed="6" covered="0"/><counter type="METHOD" missed="1" covered="0"/></method><method name="listSignature" desc="(Ljava/lang/String;Ljava/lang/String;)Ljava/util/List;" line="474"><counter type="INSTRUCTION" missed="94" covered="0"/><counter type="BRANCH" missed="4" covered="0"/><counter type="LINE" missed="16" covered="0"/><counter type="COMPLEXITY" missed="3" covered="0"/><counter type="METHOD" missed="1" covered="0"/></method><method name="searchPetitionByTag" desc="(Ljava/lang/String;Ljava/lang/String;)Ljava/util/List;" line="508"><counter type="INSTRUCTION" missed="63" covered="0"/><counter type="BRANCH" missed="2" covered="0"/><counter type="LINE" missed="9" covered="0"/><counter type="COMPLEXITY" missed="2" covered="0"/><counter type="METHOD" missed="1" covered="0"/></method><method name="searchPetitionByTitre" desc="(Ljava/lang/String;Ljava/lang/String;)Ljava/util/List;" line="536"><counter type="INSTRUCTION" missed="63" covered="0"/><counter type="BRANCH" missed="2" covered="0"/><counter type="LINE" missed="9" covered="0"/><counter type="COMPLEXITY" missed="2" covered="0"/><counter type="METHOD" missed="1" covered="0"/></method><counter type="INSTRUCTION" missed="1296" covered="0"/><counter type="BRANCH" missed="52" covered="0"/><counter type="LINE" missed="251" covered="0"/><counter type="COMPLEXITY" missed="43" covered="0"/><counter type="METHOD" missed="17" covered="0"/><counter type="CLASS" missed="1" covered="0"/></class><class name="foo/Top100Petition" sourcefilename="Top100Petition.java"><method name="&lt;init&gt;" desc="()V" line="28"><counter type="INSTRUCTION" missed="3" covered="0"/><counter type="LINE" missed="1" covered="0"/><counter type="COMPLEXITY" missed="1" covered="0"/><counter type="METHOD" missed="1" covered="0"/></method><method name="doGet" desc="(Ljavax/servlet/http/HttpServletRequest;Ljavax/servlet/http/HttpServletResponse;)V" line="33"><counter type="INSTRUCTION" missed="74" covered="0"/><counter type="BRANCH" missed="2" covered="0"/><counter type="LINE" missed="16" covered="0"/><counter type="COMPLEXITY" missed="2" covered="0"/><counter type="METHOD" missed="1" covered="0"/></method><counter type="INSTRUCTION" missed="77" covered="0"/><counter type="BRANCH" missed="2" covered="0"/><counter type="LINE" missed="17" covered="0"/><counter type="COMPLEXITY" missed="3" covered="0"/><counter type="METHOD" missed="2" covered="0"/><counter type="CLASS" missed="1" covered="0"/></class><class name="foo/PetitionServlet" sourcefilename="PetitionServlet.java"><method name="&lt;init&gt;" desc="()V" line="17"><counter type="INSTRUCTION" missed="3" covered="0"/><counter type="LINE" missed="1" covered="0"/><counter type="COMPLEXITY" missed="1" covered="0"/><counter type="METHOD" missed="1" covered="0"/></method><method name="doGet" desc="(Ljavax/servlet/http/HttpServletRequest;Ljavax/servlet/http/HttpServletResponse;)V" line="21"><counter type="INSTRUCTION" missed="120" covered="0"/><counter type="BRANCH" missed="6" covered="0"/><counter type="LINE" missed="26" covered="0"/><counter type="COMPLEXITY" missed="4" covered="0"/><counter type="METHOD" missed="1" covered="0"/></method><counter type="INSTRUCTION" missed="123" covered="0"/><counter type="BRANCH" missed="6" covered="0"/><counter type="LINE" missed="27" covered="0"/><counter type="COMPLEXITY" missed="5" covered="0"/><counter type="METHOD" missed="2" covered="0"/><counter type="CLASS" missed="1" covered="0"/></class><class name="foo/PetitionInit" sourcefilename="PetitionInit.java"><method name="&lt;init&gt;" desc="()V" line="35"><counter type="INSTRUCTION" missed="3" covered="0"/><counter type="LINE" missed="1" covered="0"/><counter type="COMPLEXITY" missed="1" covered="0"/><counter type="METHOD" missed="1" covered="0"/></method><method name="doGet" desc="(Ljavax/servlet/http/HttpServletRequest;Ljavax/servlet/http/HttpServletResponse;)V" line="41"><counter type="INSTRUCTION" missed="260" covered="0"/><counter type="BRANCH" missed="12" covered="0"/><counter type="LINE" missed="60" covered="0"/><counter type="COMPLEXITY" missed="7" covered="0"/><counter type="METHOD" missed="1" covered="0"/></method><counter type="INSTRUCTION" missed="263" covered="0"/><counter type="BRANCH" missed="12" covered="0"/><counter type="LINE" missed="61" covered="0"/><counter type="COMPLEXITY" missed="8" covered="0"/><counter type="METHOD" missed="2" covered="0"/><counter type="CLASS" missed="1" covered="0"/></class><class name="foo/PetitionQuery" sourcefilename="PetitionQuery.java"><method name="&lt;init&gt;" desc="()V" line="36"><counter type="INSTRUCTION" missed="3" covered="0"/><counter type="LINE" missed="1" covered="0"/><counter type="COMPLEXITY" missed="1" covered="0"/><counter type="METHOD" missed="1" covered="0"/></method><method name="doGet" desc="(Ljavax/servlet/http/HttpServletRequest;Ljavax/servlet/http/HttpServletResponse;)V" line="41"><counter type="INSTRUCTION" missed="118" covered="0"/><counter type="BRANCH" missed="4" covered="0"/><counter type="LINE" missed="25" covered="0"/><counter type="COMPLEXITY" missed="3" covered="0"/><counter type="METHOD" missed="1" covered="0"/></method><counter type="INSTRUCTION" missed="121" covered="0"/><counter type="BRANCH" missed="4" covered="0"/><counter type="LINE" missed="26" covered="0"/><counter type="COMPLEXITY" missed="4" covered="0"/><counter type="METHOD" missed="2" covered="0"/><counter type="CLASS" missed="1" covered="0"/></class><class name="foo/PetitionRemoveAll" sourcefilename="PetitionRemoveAll.java"><method name="&lt;init&gt;" desc="()V" line="36"><counter type="INSTRUCTION" missed="3" covered="0"/><counter type="LINE" missed="1" covered="0"/><counter type="COMPLEXITY" missed="1" covered="0"/><counter type="METHOD" missed="1" covered="0"/></method><method name="doGet" desc="(Ljavax/servlet/http/HttpServletRequest;Ljavax/servlet/http/HttpServletResponse;)V" line="41"><counter type="INSTRUCTION" missed="87" covered="0"/><counter type="BRANCH" missed="4" covered="0"/><counter type="LINE" missed="18" covered="0"/><counter type="COMPLEXITY" missed="3" covered="0"/><counter type="METHOD" missed="1" covered="0"/></method><counter type="INSTRUCTION" missed="90" covered="0"/><counter type="BRANCH" missed="4" covered="0"/><counter type="LINE" missed="19" covered="0"/><counter type="COMPLEXITY" missed="4" covered="0"/><counter type="METHOD" missed="2" covered="0"/><counter type="CLASS" missed="1" covered="0"/></class><class name="foo/PetitionItem" sourcefilename="PetitionItem.java"><method name="&lt;init&gt;" desc="()V" line="6"><counter type="INSTRUCTION" missed="39" covered="0"/><counter type="LINE" missed="13" covered="0"/><counter type="COMPLEXITY" missed="1" covered="0"/><counter type="METHOD" missed="1" covered="0"/></method><counter type="INSTRUCTION" missed="39" covered="0"/><counter type="LINE" missed="13" covered="0"/><counter type="COMPLEXITY" missed="1" covered="0"/><counter type="METHOD" missed="1" covered="0"/><counter type="CLASS" missed="1" covered="0"/></class><class name="foo/RandomDate" sourcefilename="RandomDate.java"><method name="&lt;init&gt;" desc="()V" line="5"><counter type="INSTRUCTION" missed="3" covered="0"/><counter type="LINE" missed="1" covered="0"/><counter type="COMPLEXITY" missed="1" covered="0"/><counter type="METHOD" missed="1" covered="0"/></method><method name="main" desc="([Ljava/lang/String;)V" line="9"><counter type="INSTRUCTION" missed="1" covered="0"/><counter type="LINE" missed="1" covered="0"/><counter type="COMPLEXITY" missed="1" covered="0"/><counter type="METHOD" missed="1" covered="0"/></method><method name="randDate" desc="()Ljava/lang/String;" line="13"><counter type="INSTRUCTION" missed="81" covered="0"/><counter type="BRANCH" missed="4" covered="0"/><counter type="LINE" missed="15" covered="0"/><counter type="COMPLEXITY" missed="3" covered="0"/><counter type="METHOD" missed="1" covered="0"/></method><method name="randBetween" desc="(II)I" line="47"><counter type="INSTRUCTION" missed="11" covered="0"/><counter type="LINE" missed="1" covered="0"/><counter type="COMPLEXITY" missed="1" covered="0"/><counter type="METHOD" missed="1" covered="0"/></method><counter type="INSTRUCTION" missed="96" covered="0"/><counter type="BRANCH" missed="4" covered="0"/><counter type="LINE" missed="18" covered="0"/><counter type="COMPLEXITY" missed="6" covered="0"/><counter type="METHOD" missed="4" covered="0"/><counter type="CLASS" missed="1" covered="0"/></class><class name="foo/PetitionSigned" sourcefilename="PetitionSigned.java"><method name="&lt;init&gt;" desc="()V" line="36"><counter type="INSTRUCTION" missed="3" covered="0"/><counter type="LINE" missed="1" covered="0"/><counter type="COMPLEXITY" missed="1" covered="0"/><counter type="METHOD" missed="1" covered="0"/></method><method name="doGet" desc="(Ljavax/servlet/http/HttpServletRequest;Ljavax/servlet/http/HttpServletResponse;)V" line="41"><counter type="INSTRUCTION" missed="84" covered="0"/><counter type="BRANCH" missed="6" covered="0"/><counter type="LINE" missed="19" covered="0"/><counter type="COMPLEXITY" missed="4" covered="0"/><counter type="METHOD" missed="1" covered="0"/></method><counter type="INSTRUCTION" missed="87" covered="0"/><counter type="BRANCH" missed="6" covered="0"/><counter type="LINE" missed="20" covered="0"/><counter type="COMPLEXITY" missed="5" covered="0"/><counter type="METHOD" missed="2" covered="0"/><counter type="CLASS" missed="1" covered="0"/></class><sourcefile name="PetitionSigned.java"><line nr="36" mi="3" ci="0" mb="0" cb="0"/><line nr="41" mi="3" ci="0" mb="0" cb="0"/><line nr="42" mi="3" ci="0" mb="0" cb="0"/><line nr="45" mi="4" ci="0" mb="0" cb="0"/><line nr="46" mi="2" ci="0" mb="0" cb="0"/><line nr="47" mi="2" ci="0" mb="0" cb="0"/><line nr="49" mi="10" ci="0" mb="0" cb="0"/><line nr="50" mi="2" ci="0" mb="0" cb="0"/><line nr="54" mi="3" ci="0" mb="0" cb="0"/><line nr="55" mi="4" ci="0" mb="0" cb="0"/><line nr="56" mi="4" ci="0" mb="0" cb="0"/><line nr="60" mi="6" ci="0" mb="0" cb="0"/><line nr="64" mi="10" ci="0" mb="2" cb="0"/><line nr="65" mi="6" ci="0" mb="0" cb="0"/><line nr="67" mi="1" ci="0" mb="0" cb="0"/><line nr="70" mi="2" ci="0" mb="0" cb="0"/><line nr="71" mi="7" ci="0" mb="0" cb="0"/><line nr="72" mi="10" ci="0" mb="4" cb="0"/><line nr="73" mi="4" ci="0" mb="0" cb="0"/><line nr="76" mi="1" ci="0" mb="0" cb="0"/><counter type="INSTRUCTION" missed="87" covered="0"/><counter type="BRANCH" missed="6" covered="0"/><counter type="LINE" missed="20" covered="0"/><counter type="COMPLEXITY" missed="5" covered="0"/><counter type="METHOD" missed="2" covered="0"/><counter type="CLASS" missed="1" covered="0"/></sourcefile><sourcefile name="PetitionEndpoint.java"><line nr="45" mi="3" ci="0" mb="0" cb="0"/><line nr="49" mi="2" ci="0" mb="0" cb="0"/><line nr="51" mi="5" ci="0" mb="0" cb="0"/><line nr="60" mi="5" ci="0" mb="0" cb="0"/><line nr="62" mi="4" ci="0" mb="0" cb="0"/><line nr="63" mi="5" ci="0" mb="0" cb="0"/><line nr="65" mi="2" ci="0" mb="0" cb="0"/><line nr="73" mi="2" ci="0" mb="0" cb="0"/><line nr="74" mi="5" ci="0" mb="0" cb="0"/><line nr="83" mi="4" ci="0" mb="2" cb="0"/><line nr="85" mi="7" ci="0" mb="0" cb="0"/><line nr="87" mi="9" ci="0" mb="0" cb="0"/><line nr="91" mi="4" ci="0" mb="0" cb="0"/><line nr="92" mi="5" ci="0" mb="0" cb="0"/><line nr="94" mi="2" ci="0" mb="0" cb="0"/><line nr="100" mi="2" ci="0" mb="0" cb="0"/><line nr="101" mi="5" ci="0" mb="0" cb="0"/><line nr="109" mi="5" ci="0" mb="0" cb="0"/><line nr="111" mi="3" ci="0" mb="0" cb="0"/><line nr="113" mi="4" ci="0" mb="2" cb="0"/><line nr="118" mi="5" ci="0" mb="0" cb="0"/><line nr="122" mi="4" ci="0" mb="0" cb="0"/><line nr="123" mi="4" ci="0" mb="0" cb="0"/><line nr="125" mi="4" ci="0" mb="0" cb="0"/><line nr="127" mi="10" ci="0" mb="0" cb="0"/><line nr="131" mi="2" ci="0" mb="0" cb="0"/><line nr="138" mi="2" ci="0" mb="0" cb="0"/><line nr="139" mi="7" ci="0" mb="0" cb="0"/><line nr="140" mi="4" ci="0" mb="0" cb="0"/><line nr="141" mi="5" ci="0" mb="0" cb="0"/><line nr="142" mi="4" ci="0" mb="0" cb="0"/><line nr="145" mi="2" ci="0" mb="0" cb="0"/><line nr="150" mi="2" ci="0" mb="0" cb="0"/><line nr="151" mi="7" ci="0" mb="0" cb="0"/><line nr="152" mi="4" ci="0" mb="0" cb="0"/><line nr="153" mi="2" ci="0" mb="0" cb="0"/><line nr="159" mi="4" ci="0" mb="0" cb="0"/><line nr="160" mi="4" ci="0" mb="0" cb="0"/><line nr="161" mi="4" ci="0" mb="0" cb="0"/><line nr="162" mi="4" ci="0" mb="0" cb="0"/><line nr="166" mi="13" ci="0" mb="0" cb="0"/><line nr="167" mi="5" ci="0" mb="0" cb="0"/><line nr="168" mi="5" ci="0" mb="0" cb="0"/><line nr="169" mi="5" ci="0" mb="0" cb="0"/><line nr="171" mi="5" ci="0" mb="0" cb="0"/><line nr="174" mi="6" ci="0" mb="0" cb="0"/><line nr="175" mi="6" ci="0" mb="0" cb="0"/><line nr="176" mi="5" ci="0" mb="0" cb="0"/><line nr="177" mi="6" ci="0" mb="0" cb="0"/><line nr="178" mi="6" ci="0" mb="0" cb="0"/><line nr="179" mi="5" ci="0" mb="0" cb="0"/><line nr="181" mi="3" ci="0" mb="2" cb="0"/><line nr="183" mi="4" ci="0" mb="0" cb="0"/><line nr="184" mi="5" ci="0" mb="0" cb="0"/><line nr="185" mi="2" ci="0" mb="0" cb="0"/><line nr="186" mi="2" ci="0" mb="0" cb="0"/><line nr="187" mi="16" ci="0" mb="2" cb="0"/><line nr="188" mi="1" ci="0" mb="0" cb="0"/><line nr="189" mi="3" ci="0" mb="2" cb="0"/><line nr="190" mi="4" ci="0" mb="0" cb="0"/><line nr="191" mi="4" ci="0" mb="0" cb="0"/><line nr="193" mi="3" ci="0" mb="2" cb="0"/><line nr="194" mi="1" ci="0" mb="0" cb="0"/><line nr="199" mi="4" ci="0" mb="0" cb="0"/><line nr="200" mi="4" ci="0" mb="0" cb="0"/><line nr="206" mi="2" ci="0" mb="0" cb="0"/><line nr="208" mi="4" ci="0" mb="0" cb="0"/><line nr="210" mi="2" ci="0" mb="0" cb="0"/><line nr="214" mi="2" ci="0" mb="0" cb="0"/><line nr="215" mi="8" ci="0" mb="0" cb="0"/><line nr="216" mi="4" ci="0" mb="0" cb="0"/><line nr="217" mi="4" ci="0" mb="0" cb="0"/><line nr="220" mi="4" ci="0" mb="0" cb="0"/><line nr="221" mi="5" ci="0" mb="0" cb="0"/><line nr="222" mi="5" ci="0" mb="0" cb="0"/><line nr="223" mi="5" ci="0" mb="0" cb="0"/><line nr="224" mi="6" ci="0" mb="0" cb="0"/><line nr="225" mi="6" ci="0" mb="0" cb="0"/><line nr="226" mi="5" ci="0" mb="0" cb="0"/><line nr="227" mi="3" ci="0" mb="2" cb="0"/><line nr="228" mi="4" ci="0" mb="0" cb="0"/><line nr="229" mi="5" ci="0" mb="0" cb="0"/><line nr="230" mi="2" ci="0" mb="0" cb="0"/><line nr="231" mi="2" ci="0" mb="0" cb="0"/><line nr="232" mi="16" ci="0" mb="2" cb="0"/><line nr="233" mi="1" ci="0" mb="0" cb="0"/><line nr="234" mi="3" ci="0" mb="2" cb="0"/><line nr="235" mi="4" ci="0" mb="0" cb="0"/><line nr="236" mi="4" ci="0" mb="0" cb="0"/><line nr="238" mi="3" ci="0" mb="2" cb="0"/><line nr="239" mi="1" ci="0" mb="0" cb="0"/><line nr="244" mi="4" ci="0" mb="0" cb="0"/><line nr="245" mi="4" ci="0" mb="0" cb="0"/><line nr="247" mi="1" ci="0" mb="0" cb="0"/><line nr="248" mi="4" ci="0" mb="0" cb="0"/><line nr="249" mi="4" ci="0" mb="0" cb="0"/><line nr="256" mi="4" ci="0" mb="0" cb="0"/><line nr="258" mi="2" ci="0" mb="0" cb="0"/><line nr="263" mi="2" ci="0" mb="0" cb="0"/><line nr="264" mi="7" ci="0" mb="0" cb="0"/><line nr="265" mi="4" ci="0" mb="0" cb="0"/><line nr="266" mi="9" ci="0" mb="0" cb="0"/><line nr="268" mi="5" ci="0" mb="0" cb="0"/><line nr="269" mi="9" ci="0" mb="0" cb="0"/><line nr="270" mi="4" ci="0" mb="0" cb="0"/><line nr="271" mi="4" ci="0" mb="0" cb="0"/><line nr="272" mi="5" ci="0" mb="0" cb="0"/><line nr="273" mi="3" ci="0" mb="0" cb="0"/><line nr="274" mi="2" ci="0" mb="2" cb="0"/><line nr="275" mi="10" ci="0" mb="2" cb="0"/><line nr="276" mi="9" ci="0" mb="0" cb="0"/><line nr="277" mi="1" ci="0" mb="0" cb="0"/><line nr="279" mi="4" ci="0" mb="0" cb="0"/><line nr="280" mi="4" ci="0" mb="0" cb="0"/><line nr="281" mi="5" ci="0" mb="0" cb="0"/><line nr="283" mi="2" ci="0" mb="0" cb="0"/><line nr="291" mi="2" ci="0" mb="0" cb="0"/><line nr="292" mi="5" ci="0" mb="0" cb="0"/><line nr="293" mi="24" ci="0" mb="0" cb="0"/><line nr="297" mi="4" ci="0" mb="0" cb="0"/><line nr="298" mi="4" ci="0" mb="0" cb="0"/><line nr="299" mi="5" ci="0" mb="0" cb="0"/><line nr="300" mi="3" ci="0" mb="2" cb="0"/><line nr="301" mi="4" ci="0" mb="0" cb="0"/><line nr="302" mi="5" ci="0" mb="0" cb="0"/><line nr="304" mi="4" ci="0" mb="0" cb="0"/><line nr="305" mi="9" ci="0" mb="0" cb="0"/><line nr="306" mi="4" ci="0" mb="0" cb="0"/><line nr="307" mi="4" ci="0" mb="0" cb="0"/><line nr="308" mi="4" ci="0" mb="0" cb="0"/><line nr="309" mi="4" ci="0" mb="0" cb="0"/><line nr="311" mi="7" ci="0" mb="0" cb="0"/><line nr="312" mi="4" ci="0" mb="0" cb="0"/><line nr="313" mi="6" ci="0" mb="0" cb="0"/><line nr="314" mi="4" ci="0" mb="0" cb="0"/><line nr="315" mi="5" ci="0" mb="0" cb="0"/><line nr="316" mi="4" ci="0" mb="0" cb="0"/><line nr="318" mi="4" ci="0" mb="0" cb="0"/><line nr="319" mi="4" ci="0" mb="0" cb="0"/><line nr="320" mi="5" ci="0" mb="0" cb="0"/><line nr="322" mi="2" ci="0" mb="0" cb="0"/><line nr="327" mi="2" ci="0" mb="0" cb="0"/><line nr="328" mi="5" ci="0" mb="0" cb="0"/><line nr="329" mi="24" ci="0" mb="0" cb="0"/><line nr="333" mi="4" ci="0" mb="0" cb="0"/><line nr="334" mi="4" ci="0" mb="0" cb="0"/><line nr="335" mi="5" ci="0" mb="0" cb="0"/><line nr="336" mi="3" ci="0" mb="2" cb="0"/><line nr="337" mi="5" ci="0" mb="0" cb="0"/><line nr="338" mi="4" ci="0" mb="0" cb="0"/><line nr="339" mi="5" ci="0" mb="0" cb="0"/><line nr="341" mi="5" ci="0" mb="0" cb="0"/><line nr="342" mi="4" ci="0" mb="0" cb="0"/><line nr="343" mi="4" ci="0" mb="0" cb="0"/><line nr="345" mi="2" ci="0" mb="0" cb="0"/><line nr="350" mi="2" ci="0" mb="0" cb="0"/><line nr="351" mi="5" ci="0" mb="0" cb="0"/><line nr="352" mi="24" ci="0" mb="0" cb="0"/><line nr="356" mi="4" ci="0" mb="0" cb="0"/><line nr="357" mi="4" ci="0" mb="0" cb="0"/><line nr="358" mi="5" ci="0" mb="0" cb="0"/><line nr="359" mi="3" ci="0" mb="2" cb="0"/><line nr="360" mi="10" ci="0" mb="2" cb="0"/><line nr="361" mi="9" ci="0" mb="0" cb="0"/><line nr="362" mi="1" ci="0" mb="0" cb="0"/><line nr="364" mi="7" ci="0" mb="0" cb="0"/><line nr="365" mi="4" ci="0" mb="0" cb="0"/><line nr="366" mi="6" ci="0" mb="0" cb="0"/><line nr="367" mi="4" ci="0" mb="0" cb="0"/><line nr="368" mi="5" ci="0" mb="0" cb="0"/><line nr="369" mi="4" ci="0" mb="0" cb="0"/><line nr="371" mi="4" ci="0" mb="0" cb="0"/><line nr="372" mi="4" ci="0" mb="0" cb="0"/><line nr="373" mi="5" ci="0" mb="0" cb="0"/><line nr="375" mi="1" ci="0" mb="0" cb="0"/><line nr="376" mi="4" ci="0" mb="0" cb="0"/><line nr="377" mi="4" ci="0" mb="0" cb="0"/><line nr="379" mi="2" ci="0" mb="0" cb="0"/><line nr="385" mi="2" ci="0" mb="0" cb="0"/><line nr="386" mi="5" ci="0" mb="0" cb="0"/><line nr="389" mi="4" ci="0" mb="2" cb="0"/><line nr="390" mi="10" ci="0" mb="0" cb="0"/><line nr="393" mi="7" ci="0" mb="0" cb="0"/><line nr="395" mi="24" ci="0" mb="0" cb="0"/><line nr="402" mi="4" ci="0" mb="0" cb="0"/><line nr="403" mi="5" ci="0" mb="0" cb="0"/><line nr="405" mi="2" ci="0" mb="0" cb="0"/><line nr="412" mi="2" ci="0" mb="0" cb="0"/><line nr="413" mi="5" ci="0" mb="0" cb="0"/><line nr="416" mi="9" ci="0" mb="0" cb="0"/><line nr="417" mi="4" ci="0" mb="2" cb="0"/><line nr="419" mi="5" ci="0" mb="0" cb="0"/><line nr="420" mi="24" ci="0" mb="0" cb="0"/><line nr="424" mi="4" ci="0" mb="0" cb="0"/><line nr="425" mi="5" ci="0" mb="0" cb="0"/><line nr="426" mi="2" ci="0" mb="0" cb="0"/><line nr="427" mi="10" ci="0" mb="2" cb="0"/><line nr="428" mi="2" ci="0" mb="0" cb="0"/><line nr="429" mi="1" ci="0" mb="0" cb="0"/><line nr="432" mi="10" ci="0" mb="0" cb="0"/><line nr="437" mi="4" ci="0" mb="0" cb="0"/><line nr="438" mi="5" ci="0" mb="0" cb="0"/><line nr="441" mi="4" ci="0" mb="0" cb="0"/><line nr="443" mi="10" ci="0" mb="2" cb="0"/><line nr="444" mi="5" ci="0" mb="0" cb="0"/><line nr="445" mi="7" ci="0" mb="0" cb="0"/><line nr="447" mi="4" ci="0" mb="0" cb="0"/><line nr="448" mi="1" ci="0" mb="0" cb="0"/><line nr="449" mi="3" ci="0" mb="2" cb="0"/><line nr="450" mi="12" ci="0" mb="0" cb="0"/><line nr="452" mi="4" ci="0" mb="2" cb="0"/><line nr="454" mi="7" ci="0" mb="0" cb="0"/><line nr="456" mi="9" ci="0" mb="0" cb="0"/><line nr="460" mi="4" ci="0" mb="0" cb="0"/><line nr="461" mi="5" ci="0" mb="0" cb="0"/><line nr="463" mi="2" ci="0" mb="0" cb="0"/><line nr="466" mi="5" ci="0" mb="0" cb="0"/><line nr="474" mi="2" ci="0" mb="0" cb="0"/><line nr="475" mi="5" ci="0" mb="0" cb="0"/><line nr="476" mi="9" ci="0" mb="0" cb="0"/><line nr="477" mi="4" ci="0" mb="2" cb="0"/><line nr="479" mi="5" ci="0" mb="0" cb="0"/><line nr="480" mi="24" ci="0" mb="0" cb="0"/><line nr="484" mi="4" ci="0" mb="0" cb="0"/><line nr="485" mi="5" ci="0" mb="0" cb="0"/><line nr="486" mi="2" ci="0" mb="0" cb="0"/><line nr="487" mi="10" ci="0" mb="2" cb="0"/><line nr="488" mi="2" ci="0" mb="0" cb="0"/><line nr="489" mi="1" ci="0" mb="0" cb="0"/><line nr="492" mi="10" ci="0" mb="0" cb="0"/><line nr="497" mi="4" ci="0" mb="0" cb="0"/><line nr="498" mi="5" ci="0" mb="0" cb="0"/><line nr="501" mi="2" ci="0" mb="0" cb="0"/><line nr="508" mi="2" ci="0" mb="0" cb="0"/><line nr="509" mi="5" ci="0" mb="0" cb="0"/><line nr="512" mi="4" ci="0" mb="2" cb="0"/><line nr="513" mi="10" ci="0" mb="0" cb="0"/><line nr="516" mi="7" ci="0" mb="0" cb="0"/><line nr="518" mi="24" ci="0" mb="0" cb="0"/><line nr="525" mi="4" ci="0" mb="0" cb="0"/><line nr="526" mi="5" ci="0" mb="0" cb="0"/><line nr="528" mi="2" ci="0" mb="0" cb="0"/><line nr="536" mi="2" ci="0" mb="0" cb="0"/><line nr="537" mi="5" ci="0" mb="0" cb="0"/><line nr="540" mi="4" ci="0" mb="2" cb="0"/><line nr="541" mi="10" ci="0" mb="0" cb="0"/><line nr="544" mi="7" ci="0" mb="0" cb="0"/><line nr="546" mi="24" ci="0" mb="0" cb="0"/><line nr="553" mi="4" ci="0" mb="0" cb="0"/><line nr="554" mi="5" ci="0" mb="0" cb="0"/><line nr="556" mi="2" ci="0" mb="0" cb="0"/><counter type="INSTRUCTION" missed="1296" covered="0"/><counter type="BRANCH" missed="52" covered="0"/><counter type="LINE" missed="251" covered="0"/><counter type="COMPLEXITY" missed="43" covered="0"/><counter type="METHOD" missed="17" covered="0"/><counter type="CLASS" missed="1" covered="0"/></sourcefile><sourcefile name="PetitionQuery.java"><line nr="36" mi="3" ci="0" mb="0" cb="0"/><line nr="41" mi="3" ci="0" mb="0" cb="0"/><line nr="42" mi="3" ci="0" mb="0" cb="0"/><line nr="45" mi="4" ci="0" mb="0" cb="0"/><line nr="47" mi="2" ci="0" mb="0" cb="0"/><line nr="48" mi="4" ci="0" mb="0" cb="0"/><line nr="50" mi="12" ci="0" mb="0" cb="0"/><line nr="52" mi="4" ci="0" mb="0" cb="0"/><line nr="53" mi="5" ci="0" mb="0" cb="0"/><line nr="55" mi="6" ci="0" mb="0" cb="0"/><line nr="56" mi="2" ci="0" mb="0" cb="0"/><line nr="57" mi="10" ci="0" mb="2" cb="0"/><line nr="58" mi="6" ci="0" mb="0" cb="0"/><line nr="59" mi="2" ci="0" mb="0" cb="0"/><line nr="60" mi="1" ci="0" mb="0" cb="0"/><line nr="62" mi="4" ci="0" mb="0" cb="0"/><line nr="66" mi="13" ci="0" mb="0" cb="0"/><line nr="68" mi="4" ci="0" mb="0" cb="0"/><line nr="69" mi="5" ci="0" mb="0" cb="0"/><line nr="71" mi="6" ci="0" mb="0" cb="0"/><line nr="72" mi="2" ci="0" mb="0" cb="0"/><line nr="73" mi="10" ci="0" mb="2" cb="0"/><line nr="74" mi="6" ci="0" mb="0" cb="0"/><line nr="75" mi="2" ci="0" mb="0" cb="0"/><line nr="76" mi="1" ci="0" mb="0" cb="0"/><line nr="79" mi="1" ci="0" mb="0" cb="0"/><counter type="INSTRUCTION" missed="121" covered="0"/><counter type="BRANCH" missed="4" covered="0"/><counter type="LINE" missed="26" covered="0"/><counter type="COMPLEXITY" missed="4" covered="0"/><counter type="METHOD" missed="2" covered="0"/><counter type="CLASS" missed="1" covered="0"/></sourcefile><sourcefile name="PetitionRemoveAll.java"><line nr="36" mi="3" ci="0" mb="0" cb="0"/><line nr="41" mi="3" ci="0" mb="0" cb="0"/><line nr="42" mi="3" ci="0" mb="0" cb="0"/><line nr="45" mi="2" ci="0" mb="0" cb="0"/><line nr="47" mi="5" ci="0" mb="0" cb="0"/><line nr="48" mi="4" ci="0" mb="0" cb="0"/><line nr="49" mi="4" ci="0" mb="0" cb="0"/><line nr="50" mi="10" ci="0" mb="2" cb="0"/><line nr="51" mi="9" ci="0" mb="0" cb="0"/><line nr="52" mi="6" ci="0" mb="0" cb="0"/><line nr="53" mi="1" ci="0" mb="0" cb="0"/><line nr="54" mi="5" ci="0" mb="0" cb="0"/><line nr="55" mi="4" ci="0" mb="0" cb="0"/><line nr="56" mi="4" ci="0" mb="0" cb="0"/><line nr="57" mi="10" ci="0" mb="2" cb="0"/><line nr="58" mi="9" ci="0" mb="0" cb="0"/><line nr="59" mi="6" ci="0" mb="0" cb="0"/><line nr="60" mi="1" ci="0" mb="0" cb="0"/><line nr="61" mi="1" ci="0" mb="0" cb="0"/><counter type="INSTRUCTION" missed="90" covered="0"/><counter type="BRANCH" missed="4" covered="0"/><counter type="LINE" missed="19" covered="0"/><counter type="COMPLEXITY" missed="4" covered="0"/><counter type="METHOD" missed="2" covered="0"/><counter type="CLASS" missed="1" covered="0"/></sourcefile><sourcefile name="PetitionInit.java"><line nr="35" mi="3" ci="0" mb="0" cb="0"/><line nr="41" mi="3" ci="0" mb="0" cb="0"/><line nr="42" mi="3" ci="0" mb="0" cb="0"/><line nr="43" mi="4" ci="0" mb="0" cb="0"/><line nr="45" mi="4" ci="0" mb="0" cb="0"/><line nr="46" mi="2" ci="0" mb="0" cb="0"/><line nr="49" mi="7" ci="0" mb="2" cb="0"/><line nr="50" mi="7" ci="0" mb="2" cb="0"/><line nr="51" mi="4" ci="0" mb="0" cb="0"/><line nr="52" mi="6" ci="0" mb="0" cb="0"/><line nr="53" mi="5" ci="0" mb="0" cb="0"/><line nr="54" mi="5" ci="0" mb="0" cb="0"/><line nr="55" mi="5" ci="0" mb="0" cb="0"/><line nr="56" mi="4" ci="0" mb="0" cb="0"/><line nr="57" mi="6" ci="0" mb="0" cb="0"/><line nr="60" mi="4" ci="0" mb="0" cb="0"/><line nr="61" mi="7" ci="0" mb="2" cb="0"/><line nr="63" mi="2" ci="0" mb="0" cb="0"/><line nr="64" mi="2" ci="0" mb="0" cb="0"/><line nr="66" mi="10" ci="0" mb="0" cb="0"/><line nr="67" mi="1" ci="0" mb="0" cb="0"/><line nr="69" mi="2" ci="0" mb="0" cb="0"/><line nr="70" mi="1" ci="0" mb="0" cb="0"/><line nr="71" mi="5" ci="0" mb="0" cb="0"/><line nr="72" mi="6" ci="0" mb="0" cb="0"/><line nr="73" mi="5" ci="0" mb="0" cb="0"/><line nr="74" mi="5" ci="0" mb="0" cb="0"/><line nr="75" mi="5" ci="0" mb="0" cb="0"/><line nr="76" mi="4" ci="0" mb="0" cb="0"/><line nr="77" mi="4" ci="0" mb="0" cb="0"/><line nr="78" mi="4" ci="0" mb="0" cb="0"/><line nr="81" mi="4" ci="0" mb="0" cb="0"/><line nr="82" mi="2" ci="0" mb="0" cb="0"/><line nr="83" mi="3" ci="0" mb="2" cb="0"/><line nr="84" mi="8" ci="0" mb="0" cb="0"/><line nr="85" mi="2" ci="0" mb="0" cb="0"/><line nr="87" mi="10" ci="0" mb="0" cb="0"/><line nr="88" mi="1" ci="0" mb="0" cb="0"/><line nr="90" mi="2" ci="0" mb="0" cb="0"/><line nr="91" mi="1" ci="0" mb="0" cb="0"/><line nr="92" mi="9" ci="0" mb="0" cb="0"/><line nr="93" mi="4" ci="0" mb="0" cb="0"/><line nr="94" mi="4" ci="0" mb="0" cb="0"/><line nr="95" mi="4" ci="0" mb="0" cb="0"/><line nr="96" mi="4" ci="0" mb="0" cb="0"/><line nr="97" mi="1" ci="0" mb="0" cb="0"/><line nr="98" mi="5" ci="0" mb="0" cb="0"/><line nr="100" mi="1" ci="0" mb="0" cb="0"/><line nr="103" mi="5" ci="0" mb="0" cb="0"/><line nr="104" mi="9" ci="0" mb="0" cb="0"/><line nr="106" mi="4" ci="0" mb="0" cb="0"/><line nr="108" mi="4" ci="0" mb="0" cb="0"/><line nr="109" mi="4" ci="0" mb="2" cb="0"/><line nr="110" mi="8" ci="0" mb="0" cb="0"/><line nr="111" mi="4" ci="0" mb="2" cb="0"/><line nr="112" mi="4" ci="0" mb="0" cb="0"/><line nr="113" mi="6" ci="0" mb="0" cb="0"/><line nr="117" mi="4" ci="0" mb="0" cb="0"/><line nr="119" mi="4" ci="0" mb="0" cb="0"/><line nr="120" mi="6" ci="0" mb="0" cb="0"/><line nr="125" mi="1" ci="0" mb="0" cb="0"/><counter type="INSTRUCTION" missed="263" covered="0"/><counter type="BRANCH" missed="12" covered="0"/><counter type="LINE" missed="61" covered="0"/><counter type="COMPLEXITY" missed="8" covered="0"/><counter type="METHOD" missed="2" covered="0"/><counter type="CLASS" missed="1" covered="0"/></sourcefile><sourcefile name="PetitionServlet.java"><line nr="17" mi="3" ci="0" mb="0" cb="0"/><line nr="21" mi="3" ci="0" mb="0" cb="0"/><line nr="22" mi="3" ci="0" mb="0" cb="0"/><line nr="28" mi="4" ci="0" mb="0" cb="0"/><line nr="29" mi="4" ci="0" mb="0" cb="0"/><line nr="30" mi="4" ci="0" mb="0" cb="0"/><line nr="31" mi="4" ci="0" mb="0" cb="0"/><line nr="34" mi="4" ci="0" mb="0" cb="0"/><line nr="35" mi="2" ci="0" mb="0" cb="0"/><line nr="38" mi="7" ci="0" mb="2" cb="0"/><line nr="39" mi="7" ci="0" mb="0" cb="0"/><line nr="40" mi="4" ci="0" mb="0" cb="0"/><line nr="41" mi="5" ci="0" mb="0" cb="0"/><line nr="42" mi="6" ci="0" mb="0" cb="0"/><line nr="43" mi="4" ci="0" mb="0" cb="0"/><line nr="46" mi="4" ci="0" mb="0" cb="0"/><line nr="47" mi="7" ci="0" mb="2" cb="0"/><line nr="48" mi="7" ci="0" mb="0" cb="0"/><line nr="50" mi="4" ci="0" mb="0" cb="0"/><line nr="51" mi="6" ci="0" mb="0" cb="0"/><line nr="54" mi="4" ci="0" mb="0" cb="0"/><line nr="55" mi="4" ci="0" mb="2" cb="0"/><line nr="56" mi="8" ci="0" mb="0" cb="0"/><line nr="58" mi="4" ci="0" mb="0" cb="0"/><line nr="60" mi="4" ci="0" mb="0" cb="0"/><line nr="61" mi="6" ci="0" mb="0" cb="0"/><line nr="63" mi="1" ci="0" mb="0" cb="0"/><counter type="INSTRUCTION" missed="123" covered="0"/><counter type="BRANCH" missed="6" covered="0"/><counter type="LINE" missed="27" covered="0"/><counter type="COMPLEXITY" missed="5" covered="0"/><counter type="METHOD" missed="2" covered="0"/><counter type="CLASS" missed="1" covered="0"/></sourcefile><sourcefile name="RandomDate.java"><line nr="5" mi="3" ci="0" mb="0" cb="0"/><line nr="9" mi="1" ci="0" mb="0" cb="0"/><line nr="13" mi="4" ci="0" mb="0" cb="0"/><line nr="15" mi="4" ci="0" mb="0" cb="0"/><line nr="17" mi="6" ci="0" mb="0" cb="0"/><line nr="19" mi="8" ci="0" mb="0" cb="0"/><line nr="21" mi="6" ci="0" mb="0" cb="0"/><line nr="24" mi="8" ci="0" mb="0" cb="0"/><line nr="26" mi="3" ci="0" mb="2" cb="0"/><line nr="27" mi="4" ci="0" mb="0" cb="0"/><line nr="29" mi="3" ci="0" mb="0" cb="0"/><line nr="33" mi="6" ci="0" mb="0" cb="0"/><line nr="35" mi="3" ci="0" mb="2" cb="0"/><line nr="36" mi="4" ci="0" mb="0" cb="0"/><line nr="38" mi="3" ci="0" mb="0" cb="0"/><line nr="40" mi="10" ci="0" mb="0" cb="0"/><line nr="42" mi="9" ci="0" mb="0" cb="0"/><line nr="47" mi="11" ci="0" mb="0" cb="0"/><counter type="INSTRUCTION" missed="96" covered="0"/><counter type="BRANCH" missed="4" covered="0"/><counter type="LINE" missed="18" covered="0"/><counter type="COMPLEXITY" missed="6" covered="0"/><counter type="METHOD" missed="4" covered="0"/><counter type="CLASS" missed="1" covered="0"/></sourcefile><sourcefile name="Top100Petition.java"><line nr="28" mi="3" ci="0" mb="0" cb="0"/><line nr="33" mi="3" ci="0" mb="0" cb="0"/><line nr="34" mi="3" ci="0" mb="0" cb="0"/><line nr="38" mi="4" ci="0" mb="0" cb="0"/><line nr="39" mi="2" ci="0" mb="0" cb="0"/><line nr="40" mi="2" ci="0" mb="0" cb="0"/><line nr="42" mi="5" ci="0" mb="0" cb="0"/><line nr="43" mi="8" ci="0" mb="0" cb="0"/><line nr="44" mi="5" ci="0" mb="0" cb="0"/><line nr="46" mi="4" ci="0" mb="0" cb="0"/><line nr="47" mi="5" ci="0" mb="0" cb="0"/><line nr="50" mi="8" ci="0" mb="2" cb="0"/><line nr="51" mi="4" ci="0" mb="0" cb="0"/><line nr="52" mi="11" ci="0" mb="0" cb="0"/><line nr="55" mi="2" ci="0" mb="0" cb="0"/><line nr="57" mi="7" ci="0" mb="0" cb="0"/><line nr="60" mi="1" ci="0" mb="0" cb="0"/><counter type="INSTRUCTION" missed="77" covered="0"/><counter type="BRANCH" missed="2" covered="0"/><counter type="LINE" missed="17" covered="0"/><counter type="COMPLEXITY" missed="3" covered="0"/><counter type="METHOD" missed="2" covered="0"/><counter type="CLASS" missed="1" covered="0"/></sourcefile><sourcefile name="PetitionItem.java"><line nr="6" mi="3" ci="0" mb="0" cb="0"/><line nr="7" mi="3" ci="0" mb="0" cb="0"/><line nr="8" mi="3" ci="0" mb="0" cb="0"/><line nr="9" mi="3" ci="0" mb="0" cb="0"/><line nr="10" mi="3" ci="0" mb="0" cb="0"/><line nr="11" mi="3" ci="0" mb="0" cb="0"/><line nr="12" mi="3" ci="0" mb="0" cb="0"/><line nr="13" mi="3" ci="0" mb="0" cb="0"/><line nr="14" mi="3" ci="0" mb="0" cb="0"/><line nr="15" mi="3" ci="0" mb="0" cb="0"/><line nr="16" mi="3" ci="0" mb="0" cb="0"/><line nr="17" mi="3" ci="0" mb="0" cb="0"/><line nr="20" mi="3" ci="0" mb="0" cb="0"/><counter type="INSTRUCTION" missed="39" covered="0"/><counter type="LINE" missed="13" covered="0"/><counter type="COMPLEXITY" missed="1" covered="0"/><counter type="METHOD" missed="1" covered="0"/><counter type="CLASS" missed="1" covered="0"/></sourcefile><counter type="INSTRUCTION" missed="2192" covered="0"/><counter type="BRANCH" missed="90" covered="0"/><counter type="LINE" missed="452" covered="0"/><counter type="COMPLEXITY" missed="79" covered="0"/><counter type="METHOD" missed="34" covered="0"/><counter type="CLASS" missed="9" covered="0"/></package><counter type="INSTRUCTION" missed="2192" covered="0"/><counter type="BRANCH" missed="90" covered="0"/><counter type="LINE" missed="452" covered="0"/><counter type="COMPLEXITY" missed="79" covered="0"/><counter type="METHOD" missed="34" covered="0"/><counter type="CLASS" missed="9" covered="0"/></report>